[2026-01-22T01:59:02.509Z] [FETCH_PROJECTS] {"count":1}
[2026-01-22T02:00:17.123Z] [AI_TRANSCRIBE] {"success":true,"textLength":9}
[2026-01-22T02:00:19.657Z] [SAVE_DRAFT] {"id":"1769047219135"}
[2026-01-22T02:01:56.640Z] [SAVE_DRAFT] {"id":"1769047316441"}
[2026-01-22T02:02:05.406Z] [AI_TRANSCRIBE] {"success":true,"textLength":28}
[2026-01-22T02:02:07.862Z] [SAVE_DRAFT] {"id":"1769047327436"}
[2026-01-22T02:03:43.267Z] [SAVE_DRAFT] {"id":"1769047423030"}
[2026-01-22T02:04:00.358Z] [AI_TRANSCRIBE] {"success":true,"textLength":76}
[2026-01-22T02:04:02.904Z] [SAVE_DRAFT] {"id":"1769047442373"}
[2026-01-22T02:05:42.814Z] [SAVE_DRAFT] {"id":"1769047542555"}
[2026-01-22T02:06:16.089Z] [AI_TRANSCRIBE] {"success":true,"textLength":7}
[2026-01-22T02:06:18.366Z] [SAVE_DRAFT] {"id":"1769047578103"}
[2026-01-22T02:08:44.835Z] [AI_TRANSCRIBE] {"success":true,"textLength":9}
[2026-01-22T02:08:47.896Z] [SAVE_DRAFT] {"id":"1769047726846"}
[2026-01-22T02:08:49.071Z] [FETCH_PROJECTS] {"count":1}
[2026-01-22T02:08:49.527Z] [FETCH_PROJECTS] {"count":1}
[2026-01-22T02:08:56.644Z] [SAVE_DRAFT] {"id":"1769047736489"}
[2026-01-22T02:09:02.614Z] [FETCH_PROJECTS] {"count":1}
[2026-01-22T02:09:02.933Z] [FETCH_PROJECTS] {"count":1}
[2026-01-22T02:09:05.771Z] [SAVE_DRAFT] {"id":"1769047745613"}
[2026-01-22T02:22:17.461Z] [FETCH_PROJECTS] {"count":1}
[2026-01-22T02:22:17.793Z] [FETCH_PROJECTS] {"count":1}
[2026-01-22T02:22:22.916Z] [FETCH_PROJECTS] {"count":1}
[2026-01-22T02:22:23.240Z] [FETCH_PROJECTS] {"count":1}
[2026-01-22T02:47:33.096Z] [FETCH_PROJECTS] {"count":1}
[2026-01-22T02:47:33.442Z] [FETCH_PROJECTS] {"count":1}
[2026-01-22T05:38:34.237Z] [FETCH_PROJECTS] {"count":1}
[2026-01-22T05:38:34.473Z] [FETCH_PROJECTS] {"count":1}
[2026-01-22T06:32:24.925Z] [SAVE_DRAFT] {"id":"1769063544738"}
[2026-01-22T06:32:25.665Z] [FETCH_PROJECTS] {"count":1}
[2026-01-22T06:32:25.987Z] [FETCH_PROJECTS] {"count":1}
[2026-01-22T06:32:31.978Z] [SAVE_DRAFT] {"id":"1769063551775"}
[2026-01-22T06:32:55.188Z] [SAVE_DRAFT] {"id":"1769063574885"}
[2026-01-22T06:32:58.657Z] [FETCH_PROJECTS] {"count":1}
[2026-01-22T06:32:59.624Z] [FETCH_PROJECTS] {"count":1}
[2026-01-22T06:33:07.449Z] [SAVE_DRAFT] {"id":"1769063587315"}
[2026-01-22T06:33:16.312Z] [SAVE_DRAFT] {"id":"1769063596135"}
[2026-01-22T06:33:27.320Z] [AI_REFINE] {"count":4}
[2026-01-22T06:33:30.412Z] [AI_REFINE] {"count":4}
[2026-01-22T06:33:50.304Z] [FETCH_PROJECTS] {"count":2}
[2026-01-22T06:33:50.763Z] [FETCH_PROJECTS] {"count":2}
[2026-01-22T06:33:51.154Z] [FETCH_PROJECTS] {"count":2}
[2026-01-22T06:33:51.429Z] [FETCH_PROJECTS] {"count":2}
[2026-01-22T06:33:59.494Z] [FETCH_PROJECTS] {"count":2}
[2026-01-22T06:33:59.857Z] [FETCH_PROJECTS] {"count":2}
[2026-01-22T06:34:00.098Z] [FETCH_PROJECTS] {"count":2}
[2026-01-22T06:34:00.340Z] [FETCH_PROJECTS] {"count":2}
[2026-01-22T06:34:04.269Z] [FETCH_PROJECTS] {"count":2}
[2026-01-22T06:34:04.516Z] [FETCH_PROJECTS] {"count":2}
[2026-01-22T06:34:04.735Z] [FETCH_PROJECTS] {"count":2}
[2026-01-22T06:34:05.042Z] [FETCH_PROJECTS] {"count":2}
[2026-01-22T06:34:10.415Z] [SAVE_DRAFT] {"id":"1769063650297"}
[2026-01-22T06:34:20.077Z] [SAVE_DRAFT] {"id":"1769063659737"}
[2026-01-22T06:34:32.188Z] [AI_REFINE] {"count":4}
[2026-01-22T06:34:33.232Z] [AI_REFINE] {"count":4}
[2026-01-22T06:35:10.088Z] [SAVE_PROJECT] {"id":"project-1769063709150","title":"鼠年快乐：生肖鼠的文化溯源与新年祝福的深度解析","versionCount":4}
[2026-01-22T06:35:10.422Z] [FETCH_PROJECTS] {"count":4}
[2026-01-22T06:35:10.686Z] [FETCH_PROJECTS] {"count":4}
[2026-01-22T06:35:10.946Z] [FETCH_PROJECTS] {"count":4}
[2026-01-22T06:35:11.192Z] [FETCH_PROJECTS] {"count":4}
[2026-01-22T06:35:15.927Z] [FETCH_PROJECTS] {"count":4}
[2026-01-22T06:35:16.165Z] [FETCH_PROJECTS] {"count":4}
[2026-01-22T06:35:17.547Z] [SAVE_PROJECT] {"id":"project-1769063706682","title":"鼠年快乐：生肖鼠的文化溯源与新年祝福的深度解析","versionCount":4}
[2026-01-22T06:35:30.463Z] [SAVE_DRAFT] {"id":"1769063730325"}
[2026-01-22T07:12:12.715Z] [SAVE_DRAFT] {"id":"1769065932551"}
[2026-01-22T07:21:41.801Z] [SAVE_DRAFT] {"id":"1769066501666"}
[2026-01-22T07:34:05.688Z] [SAVE_DRAFT] {"id":"1769067245163"}
[2026-01-22T07:37:41.524Z] [SAVE_DRAFT] {"id":"1769067461375"}
[2026-01-22T08:12:45.503Z] [SAVE_DRAFT] {"id":"1769069565349"}
[2026-01-22T08:18:15.498Z] [SAVE_DRAFT] {"id":"1769069895368"}
[2026-01-22T09:14:31.126Z] [SAVE_DRAFT] {"id":"1769073270752"}
